This file contains any messages produced by compilers while
running configure, to aid debugging if configure makes a mistake.

It was created by libhttpserver configure 0.19.0, which was
generated by GNU Autoconf 2.71.  Invocation command line was

  $ ../configure

## --------- ##
## Platform. ##
## --------- ##

hostname = DESKTOP-IS8SPB5
uname -m = x86_64
uname -r = 4.4.0-19041-Microsoft
uname -s = Linux
uname -v = #2311-Microsoft Tue Nov 08 17:09:00 PST 2022

/usr/bin/uname -p = x86_64
/bin/uname -X     = unknown

/bin/arch              = x86_64
/usr/bin/arch -k       = unknown
/usr/convex/getsysinfo = unknown
/usr/bin/hostinfo      = unknown
/bin/machine           = unknown
/usr/bin/oslevel       = unknown
/bin/universe          = unknown

PATH: /usr/local/sbin/
PATH: /usr/local/bin/
PATH: /usr/sbin/
PATH: /usr/bin/
PATH: /sbin/
PATH: /bin/
PATH: /usr/games/
PATH: /usr/local/games/
PATH: /mnt/c/Program Files/WindowsApps/CanonicalGroupLimited.Ubuntu22.04LTS_2204.2.47.0_x64__79rhkp1fndgsc/
PATH: /mnt/c/Program Files (x86)/VMware/VMware Player/bin/
PATH: /mnt/c/Python311/Scripts/
PATH: /mnt/c/Python311/
PATH: /mnt/c/Program Files (x86)/Common Files/Oracle/Java/javapath/
PATH: /mnt/c/WINDOWS/system32/
PATH: /mnt/c/WINDOWS/
PATH: /mnt/c/WINDOWS/System32/Wbem/
PATH: /mnt/c/WINDOWS/System32/WindowsPowerShell/v1.0/
PATH: /mnt/c/WINDOWS/System32/OpenSSH/
PATH: /mnt/c/Program Files/Docker/Docker/resources/bin/
PATH: /mnt/c/Program Files/nodejs/
PATH: /mnt/c/ProgramData/chocolatey/bin/
PATH: /mnt/c/Program Files/MATLAB/R2023a/bin/
PATH: /mnt/c/Program Files/PostgreSQL/15/bin/
PATH: /mnt/c/Program Files/Git/cmd/
PATH: /mnt/c/Users/lojaz/AppData/Local/Microsoft/WindowsApps/
PATH: /mnt/c/Users/lojaz/AppData/Local/Programs/Microsoft VS Code/bin/
PATH: /mnt/c/Users/lojaz/AppData/Roaming/npm/
PATH: /snap/bin/


## ----------- ##
## Core tests. ##
## ----------- ##

configure:2980: looking for aux files: compile ltmain.sh config.guess config.sub missing install-sh
configure:2993:  trying ../
configure:3022:   ../compile found
configure:3022:   ../ltmain.sh found
configure:3022:   ../config.guess found
configure:3022:   ../config.sub found
configure:3022:   ../missing found
configure:3004:   ../install-sh found
configure:3151: checking for a BSD-compatible install
configure:3224: result: /usr/bin/install -c
configure:3235: checking whether build environment is sane
configure:3290: result: yes
configure:3449: checking for a race-free mkdir -p
configure:3493: result: /usr/bin/mkdir -p
configure:3500: checking for gawk
configure:3521: found /usr/bin/gawk
configure:3532: result: gawk
configure:3543: checking whether make sets $(MAKE)
configure:3566: result: yes
configure:3596: checking whether make supports nested variables
configure:3614: result: yes
configure:3759: checking build system type
configure:3774: result: x86_64-pc-linux-gnu
configure:3794: checking host system type
configure:3808: result: x86_64-pc-linux-gnu
configure:3848: checking for valgrind
configure:3883: result: no
configure:4326: checking how to print strings
configure:4353: result: printf
configure:4387: checking whether make supports the include directive
configure:4402: make -f confmf.GNU && cat confinc.out
this is the am__doit target
configure:4405: $? = 0
configure:4424: result: yes (GNU style)
configure:4500: checking for gcc
configure:4521: found /usr/bin/gcc
configure:4532: result: gcc
configure:4885: checking for C compiler version
configure:4894: gcc --version >&5
gcc (Ubuntu 11.3.0-1ubuntu1~22.04) 11.3.0
Copyright (C) 2021 Free Software Foundation, Inc.
This is free software; see the source for copying conditions.  There is NO
warranty; not even for MERCHANTABILITY or FITNESS FOR A PARTICULAR PURPOSE.

configure:4905: $? = 0
configure:4894: gcc -v >&5
Using built-in specs.
COLLECT_GCC=gcc
COLLECT_LTO_WRAPPER=/usr/lib/gcc/x86_64-linux-gnu/11/lto-wrapper
OFFLOAD_TARGET_NAMES=nvptx-none:amdgcn-amdhsa
OFFLOAD_TARGET_DEFAULT=1
Target: x86_64-linux-gnu
Configured with: ../src/configure -v --with-pkgversion='Ubuntu 11.3.0-1ubuntu1~22.04' --with-bugurl=file:///usr/share/doc/gcc-11/README.Bugs --enable-languages=c,ada,c++,go,brig,d,fortran,objc,obj-c++,m2 --prefix=/usr --with-gcc-major-version-only --program-suffix=-11 --program-prefix=x86_64-linux-gnu- --enable-shared --enable-linker-build-id --libexecdir=/usr/lib --without-included-gettext --enable-threads=posix --libdir=/usr/lib --enable-nls --enable-bootstrap --enable-clocale=gnu --enable-libstdcxx-debug --enable-libstdcxx-time=yes --with-default-libstdcxx-abi=new --enable-gnu-unique-object --disable-vtable-verify --enable-plugin --enable-default-pie --with-system-zlib --enable-libphobos-checking=release --with-target-system-zlib=auto --enable-objc-gc=auto --enable-multiarch --disable-werror --enable-cet --with-arch-32=i686 --with-abi=m64 --with-multilib-list=m32,m64,mx32 --enable-multilib --with-tune=generic --enable-offload-targets=nvptx-none=/build/gcc-11-xKiWfi/gcc-11-11.3.0/debian/tmp-nvptx/usr,amdgcn-amdhsa=/build/gcc-11-xKiWfi/gcc-11-11.3.0/debian/tmp-gcn/usr --without-cuda-driver --enable-checking=release --build=x86_64-linux-gnu --host=x86_64-linux-gnu --target=x86_64-linux-gnu --with-build-config=bootstrap-lto-lean --enable-link-serialization=2
Thread model: posix
Supported LTO compression algorithms: zlib zstd
gcc version 11.3.0 (Ubuntu 11.3.0-1ubuntu1~22.04) 
... rest of stderr output deleted ...
configure:4905: $? = 0
configure:4894: gcc -V >&5
gcc: error: unrecognized command-line option '-V'
gcc: fatal error: no input files
compilation terminated.
configure:4905: $? = 1
configure:4894: gcc -qversion >&5
gcc: error: unrecognized command-line option '-qversion'; did you mean '--version'?
gcc: fatal error: no input files
compilation terminated.
configure:4905: $? = 1
configure:4894: gcc -version >&5
gcc: error: unrecognized command-line option '-version'
gcc: fatal error: no input files
compilation terminated.
configure:4905: $? = 1
configure:4925: checking whether the C compiler works
configure:4947: gcc    conftest.c  >&5
configure:4951: $? = 0
configure:5001: result: yes
configure:5004: checking for C compiler default output file name
configure:5006: result: a.out
configure:5012: checking for suffix of executables
configure:5019: gcc -o conftest    conftest.c  >&5
configure:5023: $? = 0
configure:5046: result: 
configure:5068: checking whether we are cross compiling
configure:5076: gcc -o conftest    conftest.c  >&5
configure:5080: $? = 0
configure:5087: ./conftest
configure:5091: $? = 0
configure:5106: result: no
configure:5111: checking for suffix of object files
configure:5134: gcc -c   conftest.c >&5
configure:5138: $? = 0
configure:5160: result: o
configure:5164: checking whether the compiler supports GNU C
configure:5184: gcc -c   conftest.c >&5
configure:5184: $? = 0
configure:5194: result: yes
configure:5205: checking whether gcc accepts -g
configure:5226: gcc -c -g  conftest.c >&5
configure:5226: $? = 0
configure:5270: result: yes
configure:5290: checking for gcc option to enable C11 features
configure:5305: gcc  -c -g -O2  conftest.c >&5
configure:5305: $? = 0
configure:5323: result: none needed
configure:5439: checking whether gcc understands -c and -o together
configure:5462: gcc -c conftest.c -o conftest2.o
configure:5465: $? = 0
configure:5462: gcc -c conftest.c -o conftest2.o
configure:5465: $? = 0
configure:5477: result: yes
configure:5496: checking dependency style of gcc
configure:5608: result: gcc3
configure:5623: checking for a sed that does not truncate output
configure:5693: result: /usr/bin/sed
configure:5711: checking for grep that handles long lines and -e
configure:5775: result: /usr/bin/grep
configure:5780: checking for egrep
configure:5848: result: /usr/bin/grep -E
configure:5853: checking for fgrep
configure:5921: result: /usr/bin/grep -F
configure:5957: checking for ld used by gcc
configure:6025: result: /usr/bin/ld
configure:6032: checking if the linker (/usr/bin/ld) is GNU ld
configure:6048: result: yes
configure:6060: checking for BSD- or MS-compatible name lister (nm)
configure:6115: result: /usr/bin/nm -B
configure:6255: checking the name lister (/usr/bin/nm -B) interface
configure:6263: gcc -c -g -O2  conftest.c >&5
configure:6266: /usr/bin/nm -B "conftest.o"
configure:6269: output
0000000000000000 B some_variable
configure:6276: result: BSD nm
configure:6279: checking whether ln -s works
configure:6283: result: yes
configure:6291: checking the maximum length of command line arguments
configure:6423: result: 1572864
configure:6471: checking how to convert x86_64-pc-linux-gnu file names to x86_64-pc-linux-gnu format
configure:6512: result: func_convert_file_noop
configure:6519: checking how to convert x86_64-pc-linux-gnu file names to toolchain format
configure:6540: result: func_convert_file_noop
configure:6547: checking for /usr/bin/ld option to reload object files
configure:6555: result: -r
configure:6634: checking for objdump
configure:6655: found /usr/bin/objdump
configure:6666: result: objdump
configure:6698: checking how to recognize dependent libraries
configure:6899: result: pass_all
configure:6989: checking for dlltool
configure:7024: result: no
configure:7054: checking how to associate runtime and link libraries
configure:7082: result: printf %s\n
configure:7148: checking for ar
configure:7169: found /usr/bin/ar
configure:7180: result: ar
configure:7217: checking for archiver @FILE support
configure:7235: gcc -c -g -O2  conftest.c >&5
configure:7235: $? = 0
configure:7239: ar cr libconftest.a @conftest.lst >&5
configure:7242: $? = 0
configure:7247: ar cr libconftest.a @conftest.lst >&5
ar: conftest.o: No such file or directory
configure:7250: $? = 1
configure:7262: result: @
configure:7325: checking for strip
configure:7346: found /usr/bin/strip
configure:7357: result: strip
configure:7434: checking for ranlib
configure:7455: found /usr/bin/ranlib
configure:7466: result: ranlib
configure:7568: checking command to parse /usr/bin/nm -B output from gcc object
configure:7722: gcc -c -g -O2  conftest.c >&5
configure:7725: $? = 0
configure:7729: /usr/bin/nm -B conftest.o | sed -n -e 's/^.*[	 ]\([ABCDGIRSTW][ABCDGIRSTW]*\)[	 ][	 ]*\([_A-Za-z][_A-Za-z0-9]*\)$/\1 \2 \2/p' | sed '/ __gnu_lto/d' > conftest.nm
configure:7795: gcc -o conftest -g -O2   conftest.c conftstm.o >&5
configure:7798: $? = 0
configure:7836: result: ok
configure:7883: checking for sysroot
configure:7914: result: no
configure:7921: checking for a working dd
configure:7965: result: /usr/bin/dd
configure:7969: checking how to truncate binary pipes
configure:7985: result: /usr/bin/dd bs=4096 count=1
configure:8122: gcc -c -g -O2  conftest.c >&5
configure:8125: $? = 0
configure:8322: checking for mt
configure:8343: found /usr/bin/mt
configure:8354: result: mt
configure:8377: checking if mt is a manifest tool
configure:8384: mt '-?'
configure:8392: result: no
configure:9122: checking for stdio.h
configure:9122: gcc -c -g -O2  conftest.c >&5
configure:9122: $? = 0
configure:9122: result: yes
configure:9122: checking for stdlib.h
configure:9122: gcc -c -g -O2  conftest.c >&5
configure:9122: $? = 0
configure:9122: result: yes
configure:9122: checking for string.h
configure:9122: gcc -c -g -O2  conftest.c >&5
configure:9122: $? = 0
configure:9122: result: yes
configure:9122: checking for inttypes.h
configure:9122: gcc -c -g -O2  conftest.c >&5
configure:9122: $? = 0
configure:9122: result: yes
configure:9122: checking for stdint.h
configure:9122: gcc -c -g -O2  conftest.c >&5
configure:9122: $? = 0
configure:9122: result: yes
configure:9122: checking for strings.h
configure:9122: gcc -c -g -O2  conftest.c >&5
configure:9122: $? = 0
configure:9122: result: yes
configure:9122: checking for sys/stat.h
configure:9122: gcc -c -g -O2  conftest.c >&5
configure:9122: $? = 0
configure:9122: result: yes
configure:9122: checking for sys/types.h
configure:9122: gcc -c -g -O2  conftest.c >&5
configure:9122: $? = 0
configure:9122: result: yes
configure:9122: checking for unistd.h
configure:9122: gcc -c -g -O2  conftest.c >&5
configure:9122: $? = 0
configure:9122: result: yes
configure:9147: checking for dlfcn.h
configure:9147: gcc -c -g -O2  conftest.c >&5
configure:9147: $? = 0
configure:9147: result: yes
configure:9406: checking for objdir
configure:9422: result: .libs
configure:9682: checking if gcc supports -fno-rtti -fno-exceptions
configure:9701: gcc -c -g -O2  -fno-rtti -fno-exceptions conftest.c >&5
cc1: warning: command-line option '-fno-rtti' is valid for C++/D/ObjC++ but not for C
configure:9705: $? = 0
configure:9718: result: no
configure:10082: checking for gcc option to produce PIC
configure:10090: result: -fPIC -DPIC
configure:10098: checking if gcc PIC flag -fPIC -DPIC works
configure:10117: gcc -c -g -O2  -fPIC -DPIC -DPIC conftest.c >&5
configure:10121: $? = 0
configure:10134: result: yes
configure:10163: checking if gcc static flag -static works
configure:10192: result: yes
configure:10207: checking if gcc supports -c -o file.o
configure:10229: gcc -c -g -O2  -o out/conftest2.o conftest.c >&5
configure:10233: $? = 0
configure:10255: result: yes
configure:10263: checking if gcc supports -c -o file.o
configure:10311: result: yes
configure:10344: checking whether the gcc linker (/usr/bin/ld -m elf_x86_64) supports shared libraries
configure:11614: result: yes
configure:11651: checking whether -lc should be explicitly linked in
configure:11660: gcc -c -g -O2  conftest.c >&5
configure:11663: $? = 0
configure:11678: gcc -shared  -fPIC -DPIC conftest.o  -v -Wl,-soname -Wl,conftest -o conftest 2\>\&1 \| /usr/bin/grep  -lc  \>/dev/null 2\>\&1
configure:11681: $? = 0
configure:11695: result: no
configure:11855: checking dynamic linker characteristics
configure:12437: gcc -o conftest -g -O2   -Wl,-rpath -Wl,/foo conftest.c  >&5
configure:12437: $? = 0
configure:12688: result: GNU/Linux ld.so
configure:12810: checking how to hardcode library paths into programs
configure:12835: result: immediate
configure:13387: checking whether stripping libraries is possible
configure:13392: result: yes
configure:13427: checking if libtool supports shared libraries
configure:13429: result: yes
configure:13432: checking whether to build shared libraries
configure:13457: result: yes
configure:13460: checking whether to build static libraries
configure:13464: result: yes
configure:13554: checking for gcc
configure:13586: result: gcc
configure:13939: checking for C compiler version
configure:13948: gcc --version >&5
gcc (Ubuntu 11.3.0-1ubuntu1~22.04) 11.3.0
Copyright (C) 2021 Free Software Foundation, Inc.
This is free software; see the source for copying conditions.  There is NO
warranty; not even for MERCHANTABILITY or FITNESS FOR A PARTICULAR PURPOSE.

configure:13959: $? = 0
configure:13948: gcc -v >&5
Using built-in specs.
COLLECT_GCC=gcc
COLLECT_LTO_WRAPPER=/usr/lib/gcc/x86_64-linux-gnu/11/lto-wrapper
OFFLOAD_TARGET_NAMES=nvptx-none:amdgcn-amdhsa
OFFLOAD_TARGET_DEFAULT=1
Target: x86_64-linux-gnu
Configured with: ../src/configure -v --with-pkgversion='Ubuntu 11.3.0-1ubuntu1~22.04' --with-bugurl=file:///usr/share/doc/gcc-11/README.Bugs --enable-languages=c,ada,c++,go,brig,d,fortran,objc,obj-c++,m2 --prefix=/usr --with-gcc-major-version-only --program-suffix=-11 --program-prefix=x86_64-linux-gnu- --enable-shared --enable-linker-build-id --libexecdir=/usr/lib --without-included-gettext --enable-threads=posix --libdir=/usr/lib --enable-nls --enable-bootstrap --enable-clocale=gnu --enable-libstdcxx-debug --enable-libstdcxx-time=yes --with-default-libstdcxx-abi=new --enable-gnu-unique-object --disable-vtable-verify --enable-plugin --enable-default-pie --with-system-zlib --enable-libphobos-checking=release --with-target-system-zlib=auto --enable-objc-gc=auto --enable-multiarch --disable-werror --enable-cet --with-arch-32=i686 --with-abi=m64 --with-multilib-list=m32,m64,mx32 --enable-multilib --with-tune=generic --enable-offload-targets=nvptx-none=/build/gcc-11-xKiWfi/gcc-11-11.3.0/debian/tmp-nvptx/usr,amdgcn-amdhsa=/build/gcc-11-xKiWfi/gcc-11-11.3.0/debian/tmp-gcn/usr --without-cuda-driver --enable-checking=release --build=x86_64-linux-gnu --host=x86_64-linux-gnu --target=x86_64-linux-gnu --with-build-config=bootstrap-lto-lean --enable-link-serialization=2
Thread model: posix
Supported LTO compression algorithms: zlib zstd
gcc version 11.3.0 (Ubuntu 11.3.0-1ubuntu1~22.04) 
... rest of stderr output deleted ...
configure:13959: $? = 0
configure:13948: gcc -V >&5
gcc: error: unrecognized command-line option '-V'
gcc: fatal error: no input files
compilation terminated.
configure:13959: $? = 1
configure:13948: gcc -qversion >&5
gcc: error: unrecognized command-line option '-qversion'; did you mean '--version'?
gcc: fatal error: no input files
compilation terminated.
configure:13959: $? = 1
configure:13948: gcc -version >&5
gcc: error: unrecognized command-line option '-version'
gcc: fatal error: no input files
compilation terminated.
configure:13959: $? = 1
configure:13963: checking whether the compiler supports GNU C
configure:13993: result: yes
configure:14004: checking whether gcc accepts -g
configure:14069: result: yes
configure:14089: checking for gcc option to enable C11 features
configure:14122: result: none needed
configure:14238: checking whether gcc understands -c and -o together
configure:14276: result: yes
configure:14295: checking dependency style of gcc
configure:14407: result: gcc3
configure:14491: checking for g++
configure:14512: found /usr/bin/g++
configure:14523: result: g++
configure:14550: checking for C++ compiler version
configure:14559: g++ --version >&5
g++ (Ubuntu 11.3.0-1ubuntu1~22.04) 11.3.0
Copyright (C) 2021 Free Software Foundation, Inc.
This is free software; see the source for copying conditions.  There is NO
warranty; not even for MERCHANTABILITY or FITNESS FOR A PARTICULAR PURPOSE.

configure:14570: $? = 0
configure:14559: g++ -v >&5
Using built-in specs.
COLLECT_GCC=g++
COLLECT_LTO_WRAPPER=/usr/lib/gcc/x86_64-linux-gnu/11/lto-wrapper
OFFLOAD_TARGET_NAMES=nvptx-none:amdgcn-amdhsa
OFFLOAD_TARGET_DEFAULT=1
Target: x86_64-linux-gnu
Configured with: ../src/configure -v --with-pkgversion='Ubuntu 11.3.0-1ubuntu1~22.04' --with-bugurl=file:///usr/share/doc/gcc-11/README.Bugs --enable-languages=c,ada,c++,go,brig,d,fortran,objc,obj-c++,m2 --prefix=/usr --with-gcc-major-version-only --program-suffix=-11 --program-prefix=x86_64-linux-gnu- --enable-shared --enable-linker-build-id --libexecdir=/usr/lib --without-included-gettext --enable-threads=posix --libdir=/usr/lib --enable-nls --enable-bootstrap --enable-clocale=gnu --enable-libstdcxx-debug --enable-libstdcxx-time=yes --with-default-libstdcxx-abi=new --enable-gnu-unique-object --disable-vtable-verify --enable-plugin --enable-default-pie --with-system-zlib --enable-libphobos-checking=release --with-target-system-zlib=auto --enable-objc-gc=auto --enable-multiarch --disable-werror --enable-cet --with-arch-32=i686 --with-abi=m64 --with-multilib-list=m32,m64,mx32 --enable-multilib --with-tune=generic --enable-offload-targets=nvptx-none=/build/gcc-11-xKiWfi/gcc-11-11.3.0/debian/tmp-nvptx/usr,amdgcn-amdhsa=/build/gcc-11-xKiWfi/gcc-11-11.3.0/debian/tmp-gcn/usr --without-cuda-driver --enable-checking=release --build=x86_64-linux-gnu --host=x86_64-linux-gnu --target=x86_64-linux-gnu --with-build-config=bootstrap-lto-lean --enable-link-serialization=2
Thread model: posix
Supported LTO compression algorithms: zlib zstd
gcc version 11.3.0 (Ubuntu 11.3.0-1ubuntu1~22.04) 
... rest of stderr output deleted ...
configure:14570: $? = 0
configure:14559: g++ -V >&5
g++: error: unrecognized command-line option '-V'
g++: fatal error: no input files
compilation terminated.
configure:14570: $? = 1
configure:14559: g++ -qversion >&5
g++: error: unrecognized command-line option '-qversion'; did you mean '--version'?
g++: fatal error: no input files
compilation terminated.
configure:14570: $? = 1
configure:14574: checking whether the compiler supports GNU C++
configure:14594: g++ -c   conftest.cpp >&5
configure:14594: $? = 0
configure:14604: result: yes
configure:14615: checking whether g++ accepts -g
configure:14636: g++ -c -g  conftest.cpp >&5
configure:14636: $? = 0
configure:14680: result: yes
configure:14700: checking for g++ option to enable C++11 features
configure:14715: g++  -c -g -O2  conftest.cpp >&5
conftest.cpp: In function 'int main(int, char**)':
conftest.cpp:189:25: warning: empty parentheses were disambiguated as a function declaration [-Wvexing-parse]
  189 |   cxx11test::delegate d2();
      |                         ^~
conftest.cpp:189:25: note: remove parentheses to default-initialize a variable
  189 |   cxx11test::delegate d2();
      |                         ^~
      |                         --
conftest.cpp:189:25: note: or replace parentheses with braces to value-initialize a variable
configure:14715: $? = 0
configure:14733: result: none needed
configure:14799: checking dependency style of g++
configure:14911: result: gcc3
configure:14944: checking how to run the C++ preprocessor
configure:14966: g++ -E  conftest.cpp
configure:14966: $? = 0
configure:14981: g++ -E  conftest.cpp
conftest.cpp:23:10: fatal error: ac_nonexistent.h: No such file or directory
   23 | #include <ac_nonexistent.h>
      |          ^~~~~~~~~~~~~~~~~~
compilation terminated.
configure:14981: $? = 1
configure: failed program was:
| /* confdefs.h */
| #define PACKAGE_NAME "libhttpserver"
| #define PACKAGE_TARNAME "libhttpserver"
| #define PACKAGE_VERSION "0.19.0"
| #define PACKAGE_STRING "libhttpserver 0.19.0"
| #define PACKAGE_BUGREPORT "electrictwister2000@gmail.com"
| #define PACKAGE_URL ""
| #define PACKAGE "libhttpserver"
| #define VERSION "0.19.0"
| #define HAVE_STDIO_H 1
| #define HAVE_STDLIB_H 1
| #define HAVE_STRING_H 1
| #define HAVE_INTTYPES_H 1
| #define HAVE_STDINT_H 1
| #define HAVE_STRINGS_H 1
| #define HAVE_SYS_STAT_H 1
| #define HAVE_SYS_TYPES_H 1
| #define HAVE_UNISTD_H 1
| #define STDC_HEADERS 1
| #define HAVE_DLFCN_H 1
| #define LT_OBJDIR ".libs/"
| /* end confdefs.h.  */
| #include <ac_nonexistent.h>
configure:15008: result: g++ -E
configure:15022: g++ -E  conftest.cpp
configure:15022: $? = 0
configure:15037: g++ -E  conftest.cpp
conftest.cpp:23:10: fatal error: ac_nonexistent.h: No such file or directory
   23 | #include <ac_nonexistent.h>
      |          ^~~~~~~~~~~~~~~~~~
compilation terminated.
configure:15037: $? = 1
configure: failed program was:
| /* confdefs.h */
| #define PACKAGE_NAME "libhttpserver"
| #define PACKAGE_TARNAME "libhttpserver"
| #define PACKAGE_VERSION "0.19.0"
| #define PACKAGE_STRING "libhttpserver 0.19.0"
| #define PACKAGE_BUGREPORT "electrictwister2000@gmail.com"
| #define PACKAGE_URL ""
| #define PACKAGE "libhttpserver"
| #define VERSION "0.19.0"
| #define HAVE_STDIO_H 1
| #define HAVE_STDLIB_H 1
| #define HAVE_STRING_H 1
| #define HAVE_INTTYPES_H 1
| #define HAVE_STDINT_H 1
| #define HAVE_STRINGS_H 1
| #define HAVE_SYS_STAT_H 1
| #define HAVE_SYS_TYPES_H 1
| #define HAVE_UNISTD_H 1
| #define STDC_HEADERS 1
| #define HAVE_DLFCN_H 1
| #define LT_OBJDIR ".libs/"
| /* end confdefs.h.  */
| #include <ac_nonexistent.h>
configure:15202: checking for ld used by g++
configure:15270: result: /usr/bin/ld -m elf_x86_64
configure:15277: checking if the linker (/usr/bin/ld -m elf_x86_64) is GNU ld
configure:15293: result: yes
configure:15348: checking whether the g++ linker (/usr/bin/ld -m elf_x86_64) supports shared libraries
configure:16425: result: yes
configure:16461: g++ -c -g -O2  conftest.cpp >&5
configure:16464: $? = 0
configure:16945: checking for g++ option to produce PIC
configure:16953: result: -fPIC -DPIC
configure:16961: checking if g++ PIC flag -fPIC -DPIC works
configure:16980: g++ -c -g -O2  -fPIC -DPIC -DPIC conftest.cpp >&5
configure:16984: $? = 0
configure:16997: result: yes
configure:17020: checking if g++ static flag -static works
configure:17049: result: yes
configure:17061: checking if g++ supports -c -o file.o
configure:17083: g++ -c -g -O2  -o out/conftest2.o conftest.cpp >&5
configure:17087: $? = 0
configure:17109: result: yes
configure:17114: checking if g++ supports -c -o file.o
configure:17162: result: yes
configure:17192: checking whether the g++ linker (/usr/bin/ld -m elf_x86_64) supports shared libraries
configure:17235: result: yes
configure:17377: checking dynamic linker characteristics
configure:18137: result: GNU/Linux ld.so
configure:18202: checking how to hardcode library paths into programs
configure:18227: result: immediate
configure:18267: checking whether ln -s works
configure:18271: result: yes
configure:18293: checking for special C compiler options needed for large files
configure:18341: result: no
configure:18347: checking for _FILE_OFFSET_BITS value needed for large files
configure:18373: g++ -c   conftest.cpp >&5
configure:18373: $? = 0
configure:18407: result: no
configure:18499: checking whether g++ supports C++17 features by default
configure:19294: g++ -c   conftest.cpp >&5
configure:19294: $? = 0
configure:19302: result: yes
configure:20985: checking whether it is possible to compile in the same directory
configure:20995: result: no
configure:21028: checking for egrep
configure:21096: result: /usr/bin/grep -E
configure:21102: checking for stdint.h
configure:21102: result: yes
configure:21110: checking for inttypes.h
configure:21110: result: yes
configure:21118: checking for errno.h
configure:21118: g++ -c   conftest.cpp >&5
configure:21118: $? = 0
configure:21118: result: yes
configure:21126: checking for unistd.h
configure:21126: result: yes
configure:21134: checking for ctype.h
configure:21134: g++ -c   conftest.cpp >&5
configure:21134: $? = 0
configure:21134: result: yes
configure:21142: checking for sys/stat.h
configure:21142: result: yes
configure:21150: checking for sys/types.h
configure:21150: result: yes
configure:21159: checking for arpa/inet.h
configure:21159: g++ -c   conftest.cpp >&5
configure:21159: $? = 0
configure:21159: result: yes
configure:21167: checking for signal.h
configure:21167: g++ -c   conftest.cpp >&5
configure:21167: $? = 0
configure:21167: result: yes
configure:21176: checking for gnutls/gnutls.h
configure:21176: g++ -c   conftest.cpp >&5
configure:21176: $? = 0
configure:21176: result: yes
configure:21188: checking for microhttpd.h
configure:21188: g++ -c   conftest.cpp >&5
configure:21188: $? = 0
configure:21188: result: yes
configure:21191: checking for MHD_get_fdset2 in -lmicrohttpd
configure:21213: g++ -o conftest    conftest.cpp -lmicrohttpd   >&5
configure:21213: $? = 0
configure:21223: result: yes
configure:21227: checking for libmicrohttpd >= 0.9.64
configure:21239: g++ -c   conftest.cpp >&5
configure:21239: $? = 0
configure:21334: checking whether to build with TCP_FASTOPEN support
configure:21344: result: yes
configure:21359: checking whether to link statically
configure:21369: result: yes
configure:21382: checking for size_t
configure:21382: g++ -c -DHTTPSERVER_COMPILATION -D_REENTRANT    conftest.cpp >&5
configure:21382: $? = 0
configure:21382: g++ -c -DHTTPSERVER_COMPILATION -D_REENTRANT    conftest.cpp >&5
conftest.cpp: In function 'int main()':
conftest.cpp:55:20: error: expected primary-expression before ')' token
   55 | if (sizeof ((size_t)))
      |                    ^
configure:21382: $? = 1
configure: failed program was:
| /* confdefs.h */
| #define PACKAGE_NAME "libhttpserver"
| #define PACKAGE_TARNAME "libhttpserver"
| #define PACKAGE_VERSION "0.19.0"
| #define PACKAGE_STRING "libhttpserver 0.19.0"
| #define PACKAGE_BUGREPORT "electrictwister2000@gmail.com"
| #define PACKAGE_URL ""
| #define PACKAGE "libhttpserver"
| #define VERSION "0.19.0"
| #define HAVE_STDIO_H 1
| #define HAVE_STDLIB_H 1
| #define HAVE_STRING_H 1
| #define HAVE_INTTYPES_H 1
| #define HAVE_STDINT_H 1
| #define HAVE_STRINGS_H 1
| #define HAVE_SYS_STAT_H 1
| #define HAVE_SYS_TYPES_H 1
| #define HAVE_UNISTD_H 1
| #define STDC_HEADERS 1
| #define HAVE_DLFCN_H 1
| #define LT_OBJDIR ".libs/"
| #define HAVE_CXX17 1
| /* end confdefs.h.  */
| #include <stddef.h>
| #ifdef HAVE_STDIO_H
| # include <stdio.h>
| #endif
| #ifdef HAVE_STDLIB_H
| # include <stdlib.h>
| #endif
| #ifdef HAVE_STRING_H
| # include <string.h>
| #endif
| #ifdef HAVE_INTTYPES_H
| # include <inttypes.h>
| #endif
| #ifdef HAVE_STDINT_H
| # include <stdint.h>
| #endif
| #ifdef HAVE_STRINGS_H
| # include <strings.h>
| #endif
| #ifdef HAVE_SYS_TYPES_H
| # include <sys/types.h>
| #endif
| #ifdef HAVE_SYS_STAT_H
| # include <sys/stat.h>
| #endif
| #ifdef HAVE_UNISTD_H
| # include <unistd.h>
| #endif
| int
| main (void)
| {
| if (sizeof ((size_t)))
| 	    return 0;
|   ;
|   return 0;
| }
configure:21382: result: yes
configure:21392: checking for uint16_t
configure:21392: g++ -c -DHTTPSERVER_COMPILATION -D_REENTRANT    conftest.cpp >&5
configure:21392: $? = 0
configure:21392: result: yes
configure:21402: checking for uint32_t
configure:21402: g++ -c -DHTTPSERVER_COMPILATION -D_REENTRANT    conftest.cpp >&5
configure:21402: $? = 0
configure:21402: result: yes
configure:21414: checking for uint64_t
configure:21414: g++ -c -DHTTPSERVER_COMPILATION -D_REENTRANT    conftest.cpp >&5
configure:21414: $? = 0
configure:21414: result: yes
configure:21429: checking whether to build with debug information
configure:21439: result: no
configure:21468: checking whether to build with coverage information
configure:21478: result: no
configure:21682: checking for doxygen
configure:21720: result: no
configure:21740: WARNING: doxygen not found - will not generate any doxygen documentation
configure:21798: checking for perl
configure:21821: found /usr/bin/perl
configure:21833: result: /usr/bin/perl
configure:21982: checking for dot
configure:22020: result: no
configure:22040: WARNING: dot not found - will not generate graphics for doxygen documentation
configure:23762: checking that generated files are newer than configure
configure:23768: result: done
configure:23903: creating ./config.status

## ---------------------- ##
## Running config.status. ##
## ---------------------- ##

This file was extended by libhttpserver config.status 0.19.0, which was
generated by GNU Autoconf 2.71.  Invocation command line was

  CONFIG_FILES    = 
  CONFIG_HEADERS  = 
  CONFIG_LINKS    = 
  CONFIG_COMMANDS = 
  $ ./config.status 

on DESKTOP-IS8SPB5

config.status:1322: creating test/test_content
config.status:1322: creating test/test_content_2
config.status:1322: creating test/test_content_empty
config.status:1322: creating test/test_content_large
config.status:1322: creating test/cert.pem
config.status:1322: creating test/key.pem
config.status:1322: creating test/test_root_ca.pem
config.status:1322: creating test/libhttpserver.supp
config.status:1322: creating examples/cert.pem
config.status:1322: creating examples/key.pem
config.status:1322: creating examples/test_content
config.status:1322: creating libhttpserver.pc
config.status:1322: creating Makefile
config.status:1322: creating doc/Makefile
config.status:1322: creating src/Makefile
config.status:1322: creating test/Makefile
config.status:1322: creating examples/Makefile
config.status:1322: creating config.h
config.status:1536: executing depfiles commands
config.status:1613: cd src       && sed -e '/# am--include-marker/d' Makefile         | make -f - am--depfiles
config.status:1618: $? = 0
config.status:1613: cd test       && sed -e '/# am--include-marker/d' Makefile         | make -f - am--depfiles
config.status:1618: $? = 0
config.status:1613: cd examples       && sed -e '/# am--include-marker/d' Makefile         | make -f - am--depfiles
config.status:1618: $? = 0
config.status:1536: executing libtool commands
configure:26326: Configuration Summary:
  Operating System:  linux-gnu
  Target directory:  /usr/local
  License         :  LGPL only
  Debug	          :  no
  TLS Enabled     :  yes
  TCP_FASTOPEN    :  no
  Static          :  yes
  Build examples  :  yes


## ---------------- ##
## Cache variables. ##
## ---------------- ##

ac_cv_build=x86_64-pc-linux-gnu
ac_cv_c_compiler_gnu=yes
ac_cv_c_uint16_t=yes
ac_cv_c_uint32_t=yes
ac_cv_c_uint64_t=yes
ac_cv_cxx_compiler_gnu=yes
ac_cv_env_CCC_set=
ac_cv_env_CCC_value=
ac_cv_env_CC_set=
ac_cv_env_CC_value=
ac_cv_env_CFLAGS_set=
ac_cv_env_CFLAGS_value=
ac_cv_env_CPPFLAGS_set=
ac_cv_env_CPPFLAGS_value=
ac_cv_env_CXXCPP_set=
ac_cv_env_CXXCPP_value=
ac_cv_env_CXXFLAGS_set=
ac_cv_env_CXXFLAGS_value=
ac_cv_env_CXX_set=
ac_cv_env_CXX_value=
ac_cv_env_DOXYGEN_PAPER_SIZE_set=
ac_cv_env_DOXYGEN_PAPER_SIZE_value=
ac_cv_env_LDFLAGS_set=
ac_cv_env_LDFLAGS_value=
ac_cv_env_LIBS_set=
ac_cv_env_LIBS_value=
ac_cv_env_LT_SYS_LIBRARY_PATH_set=
ac_cv_env_LT_SYS_LIBRARY_PATH_value=
ac_cv_env_build_alias_set=
ac_cv_env_build_alias_value=
ac_cv_env_host_alias_set=
ac_cv_env_host_alias_value=
ac_cv_env_target_alias_set=
ac_cv_env_target_alias_value=
ac_cv_header_arpa_inet_h=yes
ac_cv_header_ctype_h=yes
ac_cv_header_dlfcn_h=yes
ac_cv_header_errno_h=yes
ac_cv_header_gnutls_gnutls_h=yes
ac_cv_header_inttypes_h=yes
ac_cv_header_microhttpd_h=yes
ac_cv_header_signal_h=yes
ac_cv_header_stdint_h=yes
ac_cv_header_stdio_h=yes
ac_cv_header_stdlib_h=yes
ac_cv_header_string_h=yes
ac_cv_header_strings_h=yes
ac_cv_header_sys_stat_h=yes
ac_cv_header_sys_types_h=yes
ac_cv_header_unistd_h=yes
ac_cv_host=x86_64-pc-linux-gnu
ac_cv_lib_microhttpd_MHD_get_fdset2=yes
ac_cv_objext=o
ac_cv_path_EGREP='/usr/bin/grep -E'
ac_cv_path_FGREP='/usr/bin/grep -F'
ac_cv_path_GREP=/usr/bin/grep
ac_cv_path_SED=/usr/bin/sed
ac_cv_path_ac_pt_DX_PERL=/usr/bin/perl
ac_cv_path_install='/usr/bin/install -c'
ac_cv_path_lt_DD=/usr/bin/dd
ac_cv_path_mkdir=/usr/bin/mkdir
ac_cv_prog_AWK=gawk
ac_cv_prog_CXXCPP='g++ -E'
ac_cv_prog_ac_ct_AR=ar
ac_cv_prog_ac_ct_CC=gcc
ac_cv_prog_ac_ct_CXX=g++
ac_cv_prog_ac_ct_MANIFEST_TOOL=mt
ac_cv_prog_ac_ct_OBJDUMP=objdump
ac_cv_prog_ac_ct_RANLIB=ranlib
ac_cv_prog_ac_ct_STRIP=strip
ac_cv_prog_cc_c11=
ac_cv_prog_cc_g=yes
ac_cv_prog_cc_stdc=
ac_cv_prog_cxx_11=no
ac_cv_prog_cxx_cxx11=
ac_cv_prog_cxx_g=yes
ac_cv_prog_cxx_stdcxx=
ac_cv_prog_make_make_set=yes
ac_cv_sys_file_offset_bits=no
ac_cv_sys_largefile_CC=no
ac_cv_type_size_t=yes
am_cv_CC_dependencies_compiler_type=gcc3
am_cv_CXX_dependencies_compiler_type=gcc3
am_cv_make_support_nested_variables=yes
am_cv_prog_cc_c_o=yes
ax_cv_cxx_compile_cxx17=yes
lt_cv_ar_at_file=@
lt_cv_archive_cmds_need_lc=no
lt_cv_deplibs_check_method=pass_all
lt_cv_file_magic_cmd='$MAGIC_CMD'
lt_cv_file_magic_test_file=
lt_cv_ld_reload_flag=-r
lt_cv_nm_interface='BSD nm'
lt_cv_objdir=.libs
lt_cv_path_LD=/usr/bin/ld
lt_cv_path_LDCXX='/usr/bin/ld -m elf_x86_64'
lt_cv_path_NM='/usr/bin/nm -B'
lt_cv_path_mainfest_tool=no
lt_cv_prog_compiler_c_o=yes
lt_cv_prog_compiler_c_o_CXX=yes
lt_cv_prog_compiler_pic='-fPIC -DPIC'
lt_cv_prog_compiler_pic_CXX='-fPIC -DPIC'
lt_cv_prog_compiler_pic_works=yes
lt_cv_prog_compiler_pic_works_CXX=yes
lt_cv_prog_compiler_rtti_exceptions=no
lt_cv_prog_compiler_static_works=yes
lt_cv_prog_compiler_static_works_CXX=yes
lt_cv_prog_gnu_ld=yes
lt_cv_prog_gnu_ldcxx=yes
lt_cv_sharedlib_from_linklib_cmd='printf %s\n'
lt_cv_shlibpath_overrides_runpath=yes
lt_cv_sys_global_symbol_pipe='sed -n -e '\''s/^.*[	 ]\([ABCDGIRSTW][ABCDGIRSTW]*\)[	 ][	 ]*\([_A-Za-z][_A-Za-z0-9]*\)$/\1 \2 \2/p'\'' | sed '\''/ __gnu_lto/d'\'''
lt_cv_sys_global_symbol_to_c_name_address='sed -n -e '\''s/^: \(.*\) .*$/  {"\1", (void *) 0},/p'\'' -e '\''s/^[ABCDGIRSTW][ABCDGIRSTW]* .* \(.*\)$/  {"\1", (void *) \&\1},/p'\'''
lt_cv_sys_global_symbol_to_c_name_address_lib_prefix='sed -n -e '\''s/^: \(.*\) .*$/  {"\1", (void *) 0},/p'\'' -e '\''s/^[ABCDGIRSTW][ABCDGIRSTW]* .* \(lib.*\)$/  {"\1", (void *) \&\1},/p'\'' -e '\''s/^[ABCDGIRSTW][ABCDGIRSTW]* .* \(.*\)$/  {"lib\1", (void *) \&\1},/p'\'''
lt_cv_sys_global_symbol_to_cdecl='sed -n -e '\''s/^T .* \(.*\)$/extern int \1();/p'\'' -e '\''s/^[ABCDGIRSTW][ABCDGIRSTW]* .* \(.*\)$/extern char \1;/p'\'''
lt_cv_sys_global_symbol_to_import=
lt_cv_sys_max_cmd_len=1572864
lt_cv_to_host_file_cmd=func_convert_file_noop
lt_cv_to_tool_file_cmd=func_convert_file_noop
lt_cv_truncate_bin='/usr/bin/dd bs=4096 count=1'

## ----------------- ##
## Output variables. ##
## ----------------- ##














		$(foreach tool, $(valgrind_enabled_tools), check-valgrind-$(tool))
		LOG_COMPILER="$$(VALGRIND_LOG_COMPILER)" \
		LOG_FLAGS="$$(valgrind_$(1)_flags)" \
		TESTS_ENVIRONMENT="$$(VALGRIND_TESTS_ENVIRONMENT)" \
		TEST_SUITE_LOG=test-suite-$(1).log
	$$(valgrind_v_use)$$(MAKE) check-TESTS \
	$(AM_V_at)$(MAKE) $(AM_MAKEFLAGS) -k \
	$(TESTS_ENVIRONMENT) \
	$(VALGRIND) $(VALGRIND_SUPPRESSIONS) --error-exitcode=1 $(VALGRIND_FLAGS)
	$(valgrind_lt) \
	@echo "Need to reconfigure with --enable-valgrind"
	@echo "Need to reconfigure with --enable-valgrind"
	@echo "Need to reconfigure with --enable-valgrind-$(1)"
	G_DEBUG=fatal-warnings,fatal-criticals,gc-friendly
	G_SLICE=always-malloc,debug-blocks \
	env VALGRIND=$(VALGRIND) \
#
#    (Default: --num-callers=30)
#    files to load. (Default: empty)
#    memcheck, helgrind, drd, sgcheck). (Default: various)
#  - VALGRIND_$toolname_FLAGS: Flags to pass to Valgrind $toolname (one of:
#  - VALGRIND_FLAGS: General flags to pass to all Valgrind tools.
#  - VALGRIND_SUPPRESSIONS_FILES: Space-separated list of Valgrind suppressions
# Internal use
# Optional variables
# Optional:
# Support running with and without libtool.
# Use recursive makes in order to ignore errors during check
# Valgrind check
# Valgrind running
$(foreach tool,$(valgrind_tools),$(eval $(call valgrind_tool_rule,$(tool))))
'
.PHONY: check-valgrind $(add-prefix check-valgrind-,$(valgrind_tools))
ACLOCAL='${SHELL} '\''/home/aljo/blockchain/include/libhttpserver/missing'\'' aclocal-1.16'
AMDEPBACKSLASH='\'
AMDEP_FALSE='#'
AMDEP_TRUE=''
AMTAR='$${TAR-tar}'
AM_BACKSLASH='\'
AM_CFLAGS=' -O3 -O3'
AM_CXXFLAGS=' -O3'
AM_DEFAULT_V='$(AM_DEFAULT_VERBOSITY)'
AM_DEFAULT_VERBOSITY='1'
AM_DISTCHECK_CONFIGURE_FLAGS += --disable-valgrind
AM_DISTCHECK_CONFIGURE_FLAGS ?=
AM_LDFLAGS='-lstdc++'
AM_V='$(V)'
AR='ar'
AUTOCONF='${SHELL} '\''/home/aljo/blockchain/include/libhttpserver/missing'\'' autoconf'
AUTOHEADER='${SHELL} '\''/home/aljo/blockchain/include/libhttpserver/missing'\'' autoheader'
AUTOMAKE='${SHELL} '\''/home/aljo/blockchain/include/libhttpserver/missing'\'' automake-1.16'
AWK='gawk'
BUILD_EXAMPLES_FALSE='#'
BUILD_EXAMPLES_TRUE=''
CC='gcc'
CCDEPMODE='depmode=gcc3'
CFLAGS='-g -O2'
COND_CROSS_COMPILE=''
COND_CROSS_COMPILE_FALSE=''
COND_CROSS_COMPILE_TRUE='#'
COND_GCOV=''
COND_GCOV_FALSE=''
COND_GCOV_TRUE='#'
CPPFLAGS=''
CSCOPE='cscope'
CTAGS='ctags'
CXX='g++'
CXXCPP='g++ -E'
CXXDEPMODE='depmode=gcc3'
CXXFLAGS='-DHTTPSERVER_COMPILATION -D_REENTRANT  '
CYGPATH_W='echo'
DEFS='-DHAVE_CONFIG_H'
DEPDIR='.deps'
DLLTOOL='false'
DOXYGEN_PAPER_SIZE=''
DSYMUTIL=''
DUMPBIN=''
DX_COND_chi_FALSE=''
DX_COND_chi_TRUE='#'
DX_COND_chm_FALSE=''
DX_COND_chm_TRUE='#'
DX_COND_doc_FALSE='#'
DX_COND_doc_TRUE=''
DX_COND_dot_FALSE='#'
DX_COND_dot_TRUE=''
DX_COND_html_FALSE='#'
DX_COND_html_TRUE=''
DX_COND_latex_FALSE=''
DX_COND_latex_TRUE='#'
DX_COND_man_FALSE='#'
DX_COND_man_TRUE=''
DX_COND_pdf_FALSE=''
DX_COND_pdf_TRUE='#'
DX_COND_ps_FALSE=''
DX_COND_ps_TRUE='#'
DX_COND_rtf_FALSE=''
DX_COND_rtf_TRUE='#'
DX_COND_xml_FALSE=''
DX_COND_xml_TRUE='#'
DX_CONFIG='doxyconfig.in'
DX_DOCDIR='doxygen-doc'
DX_DOT=''
DX_DOXYGEN=''
DX_DVIPS=''
DX_EGREP=''
DX_ENV=' SRCDIR='\''..'\'' PROJECT='\''libhttpserver'\'' DOCDIR='\''doxygen-doc'\'' VERSION='\''0.19.0'\'' PERL_PATH='\''/usr/bin/perl'\'' HAVE_DOT='\''YES'\'' DOT_PATH='\''.'\'' GENERATE_MAN='\''YES'\'' GENERATE_RTF='\''NO'\'' GENERATE_XML='\''NO'\'' GENERATE_HTMLHELP='\''NO'\'' GENERATE_CHI='\''NO'\'' GENERATE_HTML='\''YES'\'' GENERATE_LATEX='\''NO'\'''
DX_FLAG_DX_CURRENT_FEATURE='0'
DX_FLAG_chi='0'
DX_FLAG_chm='0'
DX_FLAG_doc='1'
DX_FLAG_dot='1'
DX_FLAG_html='1'
DX_FLAG_man='1'
DX_FLAG_pdf='0'
DX_FLAG_ps='0'
DX_FLAG_rtf='0'
DX_FLAG_xml='0'
DX_HHC=''
DX_LATEX=''
DX_MAKEINDEX=''
DX_PDFLATEX=''
DX_PERL='/usr/bin/perl'
DX_PROJECT='libhttpserver'
ECHO_C=''
ECHO_N='-n'
ECHO_T=''
EGREP='/usr/bin/grep -E'
ENABLE_VALGRIND_drd='no'
ENABLE_VALGRIND_helgrind='no'
ENABLE_VALGRIND_memcheck='no'
ENABLE_VALGRIND_sgcheck='no'
ETAGS='etags'
EXEEXT=''
EXT_LIBS=''
EXT_LIB_PATH=''
FGREP='/usr/bin/grep -F'
GCOV=''
GREP='/usr/bin/grep'
HAVE_CXX17='1'
INSTALL_DATA='${INSTALL} -m 644'
INSTALL_PROGRAM='${INSTALL}'
INSTALL_SCRIPT='${INSTALL}'
INSTALL_STRIP_PROGRAM='$(install_sh) -c -s'
LD='/usr/bin/ld -m elf_x86_64'
LDFLAGS='    -version-number 0:19:0'
LHT_LIBDEPS='-lmicrohttpd'
LIBOBJS=''
LIBS=''
LIBTOOL='$(SHELL) $(top_builddir)/libtool'
LIPO=''
LN_S='ln -s'
LTLIBOBJS=''
LT_SYS_LIBRARY_PATH=''
MAKEINFO='${SHELL} '\''/home/aljo/blockchain/include/libhttpserver/missing'\'' makeinfo'
MANIFEST_TOOL=':'
MKDIR_P='/usr/bin/mkdir -p'
MOSTLYCLEANFILES += $(valgrind_log_files)
MOSTLYCLEANFILES ?=
NM='/usr/bin/nm -B'
NMEDIT=''
OBJDUMP='objdump'
OBJEXT='o'
OTOOL64=''
OTOOL=''
PACKAGE='libhttpserver'
PACKAGE_BUGREPORT='electrictwister2000@gmail.com'
PACKAGE_NAME='libhttpserver'
PACKAGE_STRING='libhttpserver 0.19.0'
PACKAGE_TARNAME='libhttpserver'
PACKAGE_URL=''
PACKAGE_VERSION='0.19.0'
PATH_SEPARATOR=':'
RANLIB='ranlib'
SED='/usr/bin/sed'
SET_MAKE=''
SHELL='/bin/bash'
STRIP='strip'
VALGRIND=''
VALGRIND_CHECK_RULES='
VALGRIND_ENABLED='no'
VALGRIND_ENABLED_FALSE=''
VALGRIND_ENABLED_TRUE='#'
VALGRIND_FLAGS ?= --num-callers=30
VALGRIND_LOG_COMPILER = \
VALGRIND_SUPPRESSIONS ?= $(addprefix --suppressions=,$(VALGRIND_SUPPRESSIONS_FILES))
VALGRIND_TESTS_ENVIRONMENT = \
VALGRIND_drd_FLAGS ?=
VALGRIND_helgrind_FLAGS ?= --history-level=approx
VALGRIND_memcheck_FLAGS ?= --leak-check=full --show-reachable=no
VALGRIND_sgcheck_FLAGS ?=
VERSION='0.19.0'
ac_ct_AR='ar'
ac_ct_CC='gcc'
ac_ct_CXX='g++'
ac_ct_DUMPBIN=''
am__EXEEXT_FALSE=''
am__EXEEXT_TRUE='#'
am__fastdepCC_FALSE='#'
am__fastdepCC_TRUE=''
am__fastdepCXX_FALSE='#'
am__fastdepCXX_TRUE=''
am__include='include'
am__isrc=' -I$(srcdir)'
am__leading_dot='.'
am__nodep='_no'
am__quote=''
am__tar='$${TAR-tar} chof - "$$tardir"'
am__untar='$${TAR-tar} xf -'
bindir='${exec_prefix}/bin'
build='x86_64-pc-linux-gnu'
build_alias=''
build_cpu='x86_64'
build_os='linux-gnu'
build_vendor='pc'
check-valgrind-$(1)-am:
check-valgrind-am:
datadir='${datarootdir}'
datarootdir='${prefix}/share'
define valgrind_tool_rule
docdir='${datarootdir}/doc/${PACKAGE_TARNAME}'
dvidir='${docdir}'
else
else
else
else ifeq ($$(VALGRIND_ENABLED),yes)
endef
endif
endif
endif
endif
exec_prefix='${prefix}'
host='x86_64-pc-linux-gnu'
host_alias=''
host_cpu='x86_64'
host_os='linux-gnu'
host_vendor='pc'
htmldir='${docdir}'
ifeq ($$(VALGRIND_ENABLED)-$$(ENABLE_VALGRIND_$(1)),yes-yes)
ifeq ($(VALGRIND_ENABLED),yes)
ifneq ($$(TESTS),)
ifneq ($(LIBTOOL),)
includedir='${prefix}/include'
infodir='${datarootdir}/info'
install_sh='${SHELL} /home/aljo/blockchain/include/libhttpserver/install-sh'
libdir='${exec_prefix}/lib'
libexecdir='${exec_prefix}/libexec'
localedir='${datarootdir}/locale'
localstatedir='${prefix}/var'
mandir='${datarootdir}/man'
mkdir_p='$(MKDIR_P)'
oldincludedir='/usr/include'
pdfdir='${docdir}'
prefix='/usr/local'
program_transform_name='s,x,x,'
psdir='${docdir}'
runstatedir='${localstatedir}/run'
sbindir='${exec_prefix}/sbin'
sharedstatedir='${prefix}/com'
sysconfdir='${prefix}/etc'
target_alias=''
valgrind_drd_flags = --tool=drd $(VALGRIND_drd_FLAGS)
valgrind_enabled_tools=''
valgrind_helgrind_flags = --tool=helgrind $(VALGRIND_helgrind_FLAGS)
valgrind_log_files = $(addprefix test-suite-,$(addsuffix .log,$(valgrind_tools)))
valgrind_lt =
valgrind_lt = $(LIBTOOL) $(AM_LIBTOOLFLAGS) $(LIBTOOLFLAGS) --mode=execute
valgrind_memcheck_flags = --tool=memcheck $(VALGRIND_memcheck_FLAGS)
valgrind_quiet = $(valgrind_quiet_$(V))
valgrind_quiet_ = $(valgrind_quiet_$(AM_DEFAULT_VERBOSITY))
valgrind_quiet_0 = --quiet
valgrind_sgcheck_flags = --tool=exp-sgcheck $(VALGRIND_sgcheck_FLAGS)
valgrind_tools='memcheck helgrind drd sgcheck'
valgrind_v_use   = $(valgrind_v_use_$(V))
valgrind_v_use_  = $(valgrind_v_use_$(AM_DEFAULT_VERBOSITY))
valgrind_v_use_0 = @echo "  USE   " $(patsubst check-valgrind-%-am,%,$@):;

## ----------- ##
## confdefs.h. ##
## ----------- ##

/* confdefs.h */
#define PACKAGE_NAME "libhttpserver"
#define PACKAGE_TARNAME "libhttpserver"
#define PACKAGE_VERSION "0.19.0"
#define PACKAGE_STRING "libhttpserver 0.19.0"
#define PACKAGE_BUGREPORT "electrictwister2000@gmail.com"
#define PACKAGE_URL ""
#define PACKAGE "libhttpserver"
#define VERSION "0.19.0"
#define HAVE_STDIO_H 1
#define HAVE_STDLIB_H 1
#define HAVE_STRING_H 1
#define HAVE_INTTYPES_H 1
#define HAVE_STDINT_H 1
#define HAVE_STRINGS_H 1
#define HAVE_SYS_STAT_H 1
#define HAVE_SYS_TYPES_H 1
#define HAVE_UNISTD_H 1
#define STDC_HEADERS 1
#define HAVE_DLFCN_H 1
#define LT_OBJDIR ".libs/"
#define HAVE_CXX17 1
#define NDEBUG /**/

configure: exit 0
